TN:
SF:.eslintrc.js
FNF:0
FNH:0
DA:1,0
LF:1
LH:0
BRDA:14,0,0,0
BRDA:14,0,1,0
BRDA:15,1,0,0
BRDA:15,1,1,0
BRF:4
BRH:0
end_of_record
TN:
SF:babel.config.js
FNF:0
FNH:0
DA:1,0
LF:1
LH:0
BRF:0
BRH:0
end_of_record
TN:
SF:src\App.vue
FN:23,data
FN:31,goToAboutPage
FN:36,onShow
FN:41,onHide
FN:46,mounted
FN:50,beforeDestroy
FN:54,ModalWindowAddPaymentForm
FNF:7
FNH:0
FNDA:0,data
FNDA:0,goToAboutPage
FNDA:0,onShow
FNDA:0,onHide
FNDA:0,mounted
FNDA:0,beforeDestroy
FNDA:0,ModalWindowAddPaymentForm
DA:21,0
DA:24,0
DA:32,0
DA:37,0
DA:38,0
DA:39,0
DA:42,0
DA:43,0
DA:47,0
DA:48,0
DA:51,0
DA:52,0
DA:54,0
LF:13
LH:0
BRF:0
BRH:0
end_of_record
TN:
SF:src\main.js
FN:16,(anonymous_0)
FNF:1
FNH:0
FNDA:0,(anonymous_0)
DA:8,0
DA:9,0
DA:10,0
DA:13,0
DA:16,0
LF:5
LH:0
BRF:0
BRH:0
end_of_record
TN:
SF:src\components\AddPaymentForm.vue
FN:17,data
FN:25,getCurrentDate
FN:32,categoryList
FN:37,onClickSave
FN:47,created
FN:50,mounted
FNF:6
FNH:0
FNDA:0,data
FNDA:0,getCurrentDate
FNDA:0,categoryList
FNDA:0,onClickSave
FNDA:0,created
FNDA:0,mounted
DA:18,0
DA:26,0
DA:27,0
DA:28,0
DA:29,0
DA:30,0
DA:33,0
DA:38,0
DA:43,0
DA:47,0
DA:51,0
DA:53,0
DA:54,0
DA:55,0
DA:56,0
DA:57,0
DA:59,0
DA:60,0
DA:61,0
DA:63,0
DA:64,0
DA:65,0
DA:66,0
DA:67,0
DA:68,0
LF:25
LH:0
BRDA:39,0,0,0
BRDA:39,0,1,0
BRDA:47,1,0,0
BRDA:47,1,1,0
BRDA:47,1,2,0
BRDA:51,2,0,0
BRDA:51,3,0,0
BRDA:51,3,1,0
BRDA:51,3,2,0
BRDA:60,4,0,0
BRDA:60,5,0,0
BRDA:60,5,1,0
BRDA:65,6,0,0
BRDA:67,7,0,0
BRDA:67,8,0,0
BRDA:67,8,1,0
BRF:16
BRH:0
end_of_record
TN:
SF:src\components\Calc.vue
FN:31,data
FN:41,inputNum
FN:46,eraseOne
FN:52,calculate
FN:57,_
FN:58,_
FN:59,_
FN:60,_
FN:64,sum
FN:67,sub
FN:70,div
FN:73,mul
FNF:12
FNH:8
FNDA:7,data
FNDA:4,inputNum
FNDA:2,eraseOne
FNDA:5,calculate
FNDA:2,_
FNDA:1,_
FNDA:1,_
FNDA:1,_
FNDA:0,sum
FNDA:0,sub
FNDA:0,div
FNDA:0,mul
DA:31,7
DA:42,4
DA:43,4
DA:44,4
DA:47,2
DA:48,2
DA:50,2
DA:53,5
DA:54,5
DA:56,5
DA:57,2
DA:58,1
DA:59,1
DA:60,1
DA:62,5
DA:65,0
DA:68,0
DA:71,0
DA:74,0
LF:19
LH:15
BRDA:43,0,0,2
BRDA:43,0,1,2
BRDA:48,1,0,1
BRDA:48,1,1,1
BRF:4
BRH:4
end_of_record
TN:
SF:src\components\ContextMenu.vue
FN:11,data
FN:20,styles
FN:28,onClick
FN:31,onShow
FN:36,onHide
FN:40,setPostion
FN:46,mounted
FN:50,beforeDestroy
FNF:8
FNH:0
FNDA:0,data
FNDA:0,styles
FNDA:0,onClick
FNDA:0,onShow
FNDA:0,onHide
FNDA:0,setPostion
FNDA:0,mounted
FNDA:0,beforeDestroy
DA:12,0
DA:21,0
DA:29,0
DA:31,0
DA:32,0
DA:33,0
DA:34,0
DA:37,0
DA:38,0
DA:41,0
DA:42,0
DA:43,0
DA:47,0
DA:48,0
DA:51,0
DA:52,0
LF:16
LH:0
BRF:0
BRH:0
end_of_record
TN:
SF:src\components\HelloWorld.vue
FN:55,data
FN:68,fibb1
FN:71,fibb2
FN:77,handler
FN:84,calculate
FN:106,add
FN:110,substract
FN:113,divide
FN:121,multiply
FN:124,fib
FNF:10
FNH:0
FNDA:0,data
FNDA:0,fibb1
FNDA:0,fibb2
FNDA:0,handler
FNDA:0,calculate
FNDA:0,add
FNDA:0,substract
FNDA:0,divide
FNDA:0,multiply
FNDA:0,fib
DA:56,0
DA:69,0
DA:72,0
DA:78,0
DA:84,0
DA:85,0
DA:86,0
DA:88,0
DA:89,0
DA:91,0
DA:92,0
DA:94,0
DA:95,0
DA:97,0
DA:98,0
DA:101,0
DA:102,0
DA:104,0
DA:107,0
DA:111,0
DA:114,0
DA:115,0
DA:116,0
DA:117,0
DA:119,0
DA:122,0
DA:125,0
LF:27
LH:0
BRDA:84,0,0,0
BRDA:84,0,1,0
BRDA:86,1,0,0
BRDA:86,1,1,0
BRDA:86,1,2,0
BRDA:86,1,3,0
BRDA:115,2,0,0
BRDA:125,3,0,0
BRDA:125,3,1,0
BRF:9
BRH:0
end_of_record
TN:
SF:src\components\ModalWindowAddPaymentForm.vue
FN:19,AddPaymentForm
FN:20,AuthForm
FN:23,onCloseClick
FNF:3
FNH:0
FNDA:0,AddPaymentForm
FNDA:0,AuthForm
FNDA:0,onCloseClick
DA:19,0
DA:20,0
DA:24,0
LF:3
LH:0
BRF:0
BRH:0
end_of_record
TN:
SF:src\components\MyButton.vue
FN:9,data
FN:15,onClick
FN:18,onMouseOver
FN:22,beforeCreate
FN:25,created
FN:28,beforeMount
FN:31,mounted
FN:38,beforeUpdate
FN:41,updated
FN:44,beforeDestroy
FN:51,destroyed
FNF:11
FNH:0
FNDA:0,data
FNDA:0,onClick
FNDA:0,onMouseOver
FNDA:0,beforeCreate
FNDA:0,created
FNDA:0,beforeMount
FNDA:0,mounted
FNDA:0,beforeUpdate
FNDA:0,updated
FNDA:0,beforeDestroy
FNDA:0,destroyed
DA:10,0
DA:16,0
DA:19,0
DA:23,0
DA:26,0
DA:29,0
DA:32,0
DA:33,0
DA:34,0
DA:35,0
DA:39,0
DA:42,0
DA:45,0
DA:46,0
DA:47,0
DA:48,0
DA:52,0
LF:17
LH:0
BRDA:34,0,0,0
BRDA:47,1,0,0
BRF:2
BRH:0
end_of_record
TN:
SF:src\components\MyButtonSlots.vue
FN:15,data
FN:21,onClick
FN:25,action
FNF:3
FNH:0
FNDA:0,data
FNDA:0,onClick
FNDA:0,action
DA:16,0
DA:22,0
DA:23,0
DA:26,0
LF:4
LH:0
BRF:0
BRH:0
end_of_record
TN:
SF:src\components\MyPagination.vue
FN:22,amount
FN:27,onClick
FNF:2
FNH:0
FNDA:0,amount
FNDA:0,onClick
DA:23,0
DA:28,0
DA:29,0
DA:31,0
LF:4
LH:0
BRDA:28,0,0,0
BRDA:28,1,0,0
BRDA:28,1,1,0
BRF:3
BRH:0
end_of_record
TN:
SF:src\components\MyVideoPlayer.vue
FN:12,data
FN:18,showControls
FN:21,onPlay
FN:24,onStop
FN:28,mounted
FNF:5
FNH:0
FNDA:0,data
FNDA:0,showControls
FNDA:0,onPlay
FNDA:0,onStop
FNDA:0,mounted
DA:13,0
DA:19,0
DA:22,0
DA:25,0
DA:29,0
LF:5
LH:0
BRDA:22,0,0,0
BRDA:22,0,1,0
BRDA:25,1,0,0
BRDA:25,1,1,0
BRF:4
BRH:0
end_of_record
TN:
SF:src\components\PaymentsDisplay.vue
FN:15,_default
FN:19,editItem
FN:25,deleteItem
FN:30,onContextMenuClick
FN:34,action
FN:37,action
FNF:6
FNH:0
FNDA:0,_default
FNDA:0,editItem
FNDA:0,deleteItem
FNDA:0,onContextMenuClick
FNDA:0,action
FNDA:0,action
DA:15,0
DA:20,0
DA:23,0
DA:26,0
DA:28,0
DA:30,0
DA:32,0
DA:34,0
DA:37,0
DA:40,0
LF:10
LH:0
BRF:0
BRH:0
end_of_record
TN:
SF:src\components\TestVuexComponent.vue
FN:12,data
FN:21,onSave
FNF:2
FNH:2
FNDA:1,data
FNDA:1,onSave
DA:9,1
DA:13,1
DA:22,1
LF:3
LH:3
BRF:0
BRH:0
end_of_record
TN:
SF:src\plugins\ContextMenu\index.js
FN:2,(anonymous_0)
FN:12,(anonymous_1)
FN:24,(anonymous_2)
FNF:3
FNH:0
FNDA:0,(anonymous_0)
FNDA:0,(anonymous_1)
FNDA:0,(anonymous_2)
DA:3,0
DA:4,0
DA:6,0
DA:7,0
DA:9,0
DA:14,0
DA:15,0
DA:16,0
DA:17,0
DA:19,0
DA:25,0
DA:26,0
LF:12
LH:0
BRDA:3,0,0,0
BRDA:3,0,1,0
BRDA:15,1,0,0
BRDA:15,1,1,0
BRF:4
BRH:0
end_of_record
TN:
SF:src\plugins\ModalWindow\index.js
FN:2,(anonymous_0)
FN:10,(anonymous_1)
FN:15,(anonymous_2)
FNF:3
FNH:0
FNDA:0,(anonymous_0)
FNDA:0,(anonymous_1)
FNDA:0,(anonymous_2)
DA:3,0
DA:4,0
DA:6,0
DA:7,0
DA:11,0
DA:12,0
DA:16,0
DA:17,0
LF:8
LH:0
BRDA:3,0,0,0
BRDA:3,0,1,0
BRF:2
BRH:0
end_of_record
TN:
SF:src\router\index.js
FN:12,(anonymous_0)
FN:17,(anonymous_1)
FN:22,(anonymous_2)
FN:27,(anonymous_3)
FN:47,(anonymous_4)
FN:55,(anonymous_5)
FN:60,(anonymous_6)
FN:68,(anonymous_7)
FNF:8
FNH:0
FNDA:0,(anonymous_0)
FNDA:0,(anonymous_1)
FNDA:0,(anonymous_2)
FNDA:0,(anonymous_3)
FNDA:0,(anonymous_4)
FNDA:0,(anonymous_5)
FNDA:0,(anonymous_6)
FNDA:0,(anonymous_7)
DA:6,0
DA:8,0
DA:12,0
DA:17,0
DA:22,0
DA:27,0
DA:40,0
DA:45,0
DA:47,0
DA:48,0
DA:49,0
DA:51,0
DA:55,0
DA:56,0
DA:57,0
DA:60,0
DA:61,0
DA:68,0
DA:69,0
LF:19
LH:0
BRDA:48,0,0,0
BRDA:48,0,1,0
BRDA:48,1,0,0
BRDA:48,1,1,0
BRF:4
BRH:0
end_of_record
TN:
SF:src\store\index.js
FN:7,(anonymous_0)
FN:10,(anonymous_1)
FN:13,(anonymous_2)
FN:24,(anonymous_3)
FN:25,(anonymous_4)
FN:26,(anonymous_5)
FN:28,(anonymous_6)
FN:38,(anonymous_7)
FN:39,(anonymous_8)
FN:40,(anonymous_9)
FN:51,(anonymous_10)
FN:55,(anonymous_11)
FN:56,(anonymous_12)
FN:57,(anonymous_13)
FN:60,(anonymous_14)
FNF:15
FNH:0
FNDA:0,(anonymous_0)
FNDA:0,(anonymous_1)
FNDA:0,(anonymous_2)
FNDA:0,(anonymous_3)
FNDA:0,(anonymous_4)
FNDA:0,(anonymous_5)
FNDA:0,(anonymous_6)
FNDA:0,(anonymous_7)
FNDA:0,(anonymous_8)
FNDA:0,(anonymous_9)
FNDA:0,(anonymous_10)
FNDA:0,(anonymous_11)
FNDA:0,(anonymous_12)
FNDA:0,(anonymous_13)
FNDA:0,(anonymous_14)
DA:4,0
DA:6,0
DA:8,0
DA:11,0
DA:14,0
DA:23,0
DA:24,0
DA:26,0
DA:28,0
DA:39,0
DA:40,0
DA:41,0
DA:42,0
DA:43,0
DA:49,0
DA:52,0
DA:56,0
DA:57,0
DA:58,0
DA:60,0
LF:20
LH:0
BRF:0
BRH:0
end_of_record
TN:
SF:src\views\AboutView.vue
FN:14,data
FNF:1
FNH:0
FNDA:0,data
DA:10,0
DA:15,0
LF:2
LH:0
BRF:0
BRH:0
end_of_record
TN:
SF:src\views\HomeView.vue
FN:26,data
FN:34,currentElements
FN:42,addPaymentData
FN:45,changePage
FN:48,openModalForm
FN:52,created
FN:56,mounted
FNF:7
FNH:0
FNDA:0,data
FNDA:0,currentElements
FNDA:0,addPaymentData
FNDA:0,changePage
FNDA:0,openModalForm
FNDA:0,created
FNDA:0,mounted
DA:16,0
DA:17,0
DA:18,0
DA:27,0
DA:35,0
DA:43,0
DA:46,0
DA:49,0
DA:53,0
DA:57,0
DA:58,0
LF:11
LH:0
BRDA:57,0,0,0
BRDA:57,1,0,0
BRDA:57,1,1,0
BRDA:57,2,0,0
BRDA:57,2,1,0
BRDA:57,2,2,0
BRF:6
BRH:0
end_of_record
TN:
SF:src\views\NotFound.vue
FN:18,openModalAuthForm
FNF:1
FNH:0
FNDA:0,openModalAuthForm
DA:19,0
LF:1
LH:0
BRF:0
BRH:0
end_of_record
TN:
SF:src\views\NotFoundView.vue
FN:14,openModalAuthForm
FNF:1
FNH:0
FNDA:0,openModalAuthForm
DA:15,0
LF:1
LH:0
BRF:0
BRH:0
end_of_record
TN:
SF:src\views\About\AboutView.vue
FN:16,data
FNF:1
FNH:0
FNDA:0,data
DA:11,0
DA:12,0
DA:17,0
LF:3
LH:0
BRF:0
BRH:0
end_of_record
